[2020-04-18 09:17:08] [INFO ] [com.ldg.gerenfenxiang.GerenfenxiangApplication:55] -- Starting GerenfenxiangApplication on DESKTOP-V0HJFAQ with PID 19856 (F:\gerenfenxiang\build\classes\java\main started by liudo in F:\gerenfenxiang)
[2020-04-18 09:17:08] [INFO ] [com.ldg.gerenfenxiang.GerenfenxiangApplication:655] -- The following profiles are active: dev
[2020-04-18 09:17:09] [INFO ] [org.springframework.boot.web.embedded.tomcat.TomcatWebServer:92] -- Tomcat initialized with port(s): 8086 (http)
[2020-04-18 09:17:09] [INFO ] [org.apache.coyote.http11.Http11NioProtocol:173] -- Initializing ProtocolHandler ["http-nio-8086"]
[2020-04-18 09:17:09] [INFO ] [org.apache.catalina.core.StandardService:173] -- Starting service [Tomcat]
[2020-04-18 09:17:09] [INFO ] [org.apache.catalina.core.StandardEngine:173] -- Starting Servlet engine: [Apache Tomcat/9.0.33]
[2020-04-18 09:17:09] [INFO ] [org.apache.catalina.core.ContainerBase.[Tomcat].[localhost].[/grfx]:173] -- Initializing Spring embedded WebApplicationContext
[2020-04-18 09:17:09] [INFO ] [org.springframework.web.context.ContextLoader:284] -- Root WebApplicationContext: initialization completed in 1129 ms
[2020-04-18 09:17:10] [INFO ] [org.springframework.scheduling.concurrent.ThreadPoolTaskExecutor:181] -- Initializing ExecutorService 'applicationTaskExecutor'
[2020-04-18 09:17:10] [INFO ] [org.springframework.boot.autoconfigure.web.servlet.WelcomePageHandlerMapping:58] -- Adding welcome page template: index
[2020-04-18 09:17:10] [INFO ] [org.apache.coyote.http11.Http11NioProtocol:173] -- Starting ProtocolHandler ["http-nio-8086"]
[2020-04-18 09:17:10] [INFO ] [org.springframework.boot.web.embedded.tomcat.TomcatWebServer:204] -- Tomcat started on port(s): 8086 (http) with context path '/grfx'
[2020-04-18 09:17:10] [INFO ] [com.ldg.gerenfenxiang.GerenfenxiangApplication:61] -- Started GerenfenxiangApplication in 2.288 seconds (JVM running for 3.739)
[2020-04-18 09:20:22] [INFO ] [com.ldg.gerenfenxiang.GerenfenxiangApplication:55] -- Starting GerenfenxiangApplication on DESKTOP-V0HJFAQ with PID 15724 (F:\gerenfenxiang\build\classes\java\main started by liudo in F:\gerenfenxiang)
[2020-04-18 09:20:22] [INFO ] [com.ldg.gerenfenxiang.GerenfenxiangApplication:655] -- The following profiles are active: dev
[2020-04-18 09:20:23] [INFO ] [org.springframework.boot.web.embedded.tomcat.TomcatWebServer:92] -- Tomcat initialized with port(s): 8086 (http)
[2020-04-18 09:20:23] [INFO ] [org.apache.coyote.http11.Http11NioProtocol:173] -- Initializing ProtocolHandler ["http-nio-8086"]
[2020-04-18 09:20:23] [INFO ] [org.apache.catalina.core.StandardService:173] -- Starting service [Tomcat]
[2020-04-18 09:20:23] [INFO ] [org.apache.catalina.core.StandardEngine:173] -- Starting Servlet engine: [Apache Tomcat/9.0.33]
[2020-04-18 09:20:23] [INFO ] [org.apache.catalina.core.ContainerBase.[Tomcat].[localhost].[/]:173] -- Initializing Spring embedded WebApplicationContext
[2020-04-18 09:20:23] [INFO ] [org.springframework.web.context.ContextLoader:284] -- Root WebApplicationContext: initialization completed in 1331 ms
[2020-04-18 09:20:24] [INFO ] [org.springframework.scheduling.concurrent.ThreadPoolTaskExecutor:181] -- Initializing ExecutorService 'applicationTaskExecutor'
[2020-04-18 09:20:24] [INFO ] [org.springframework.boot.autoconfigure.web.servlet.WelcomePageHandlerMapping:58] -- Adding welcome page template: index
[2020-04-18 09:20:24] [INFO ] [org.apache.coyote.http11.Http11NioProtocol:173] -- Starting ProtocolHandler ["http-nio-8086"]
[2020-04-18 09:20:24] [INFO ] [org.springframework.boot.web.embedded.tomcat.TomcatWebServer:204] -- Tomcat started on port(s): 8086 (http) with context path ''
[2020-04-18 09:20:24] [INFO ] [com.ldg.gerenfenxiang.GerenfenxiangApplication:61] -- Started GerenfenxiangApplication in 2.984 seconds (JVM running for 4.102)
[2020-04-18 09:20:32] [INFO ] [org.apache.catalina.core.ContainerBase.[Tomcat].[localhost].[/]:173] -- Initializing Spring DispatcherServlet 'dispatcherServlet'
[2020-04-18 09:20:32] [INFO ] [org.springframework.web.servlet.DispatcherServlet:525] -- Initializing Servlet 'dispatcherServlet'
[2020-04-18 09:20:32] [INFO ] [org.springframework.web.servlet.DispatcherServlet:547] -- Completed initialization in 5 ms
